<?xml version="1.0" encoding="UTF-8"?>
<testng-results ignored="0" total="3" passed="3" failed="0" skipped="0">
  <reporter-output>
  </reporter-output>
  <suite started-at="2021-10-01T12:49:54 CDT" name="Default suite" finished-at="2021-10-01T12:49:54 CDT" duration-ms="67">
    <groups>
    </groups>
    <test started-at="2021-10-01T12:49:54 CDT" name="Default test" finished-at="2021-10-01T12:49:54 CDT" duration-ms="67">
      <class name="_CountOfBalancedString_P._CountOfBalancedString.CountOfBalancedString">
        <test-method signature="testcase1()[pri:0, instance:_CountOfBalancedString_P._CountOfBalancedString.CountOfBalancedString@2805c96b]" started-at="2021-10-01T12:49:54 CDT" name="testcase1" finished-at="2021-10-01T12:49:54 CDT" duration-ms="15" status="PASS">
          <reporter-output>
          </reporter-output>
        </test-method> <!-- testcase1 -->
        <test-method signature="testcase2()[pri:0, instance:_CountOfBalancedString_P._CountOfBalancedString.CountOfBalancedString@2805c96b]" started-at="2021-10-01T12:49:54 CDT" name="testcase2" finished-at="2021-10-01T12:49:54 CDT" duration-ms="2" status="PASS">
          <reporter-output>
          </reporter-output>
        </test-method> <!-- testcase2 -->
        <test-method signature="testcase3()[pri:0, instance:_CountOfBalancedString_P._CountOfBalancedString.CountOfBalancedString@2805c96b]" started-at="2021-10-01T12:49:54 CDT" name="testcase3" finished-at="2021-10-01T12:49:54 CDT" duration-ms="1" status="PASS">
          <reporter-output>
          </reporter-output>
        </test-method> <!-- testcase3 -->
      </class> <!-- _CountOfBalancedString_P._CountOfBalancedString.CountOfBalancedString -->
    </test> <!-- Default test -->
  </suite> <!-- Default suite -->
</testng-results>
