<?xml version="1.0" encoding="UTF-8"?>
<!-- Generated by org.testng.reporters.JUnitXMLReporter -->
<testsuite ignored="0" hostname="LAPTOP-VNBA3OG5" failures="0" tests="3" name="Default test" time="0.067" errors="0" timestamp="2021-10-01T12:49:54 CDT">
  <testcase classname="_CountOfBalancedString_P._CountOfBalancedString.CountOfBalancedString" name="testcase1" time="0.015"/>
  <testcase classname="_CountOfBalancedString_P._CountOfBalancedString.CountOfBalancedString" name="testcase2" time="0.002"/>
  <testcase classname="_CountOfBalancedString_P._CountOfBalancedString.CountOfBalancedString" name="testcase3" time="0.001"/>
</testsuite> <!-- Default test -->
